==00:00:00:00.000 22245== Memcheck, a memory error detector
==00:00:00:00.000 22245== Copyright (C) 2002-2022, and GNU GPL'd, by Julian Seward et al.
==00:00:00:00.000 22245== Using Valgrind-3.22.0-bd4db67b1d-20231031 and LibVEX; rerun with -h for copyright info
==00:00:00:00.000 22245== Command: ./lab3
==00:00:00:00.000 22245== Parent PID: 22243
==00:00:00:00.000 22245== 
--00:00:00:00.000 22245-- 
--00:00:00:00.000 22245-- Valgrind options:
--00:00:00:00.000 22245--    --tool=memcheck
--00:00:00:00.000 22245--    --leak-check=full
--00:00:00:00.000 22245--    --show-leak-kinds=all
--00:00:00:00.000 22245--    --track-origins=yes
--00:00:00:00.000 22245--    --trace-children=yes
--00:00:00:00.000 22245--    --keep-stacktraces=alloc-and-free
--00:00:00:00.000 22245--    --num-callers=40
--00:00:00:00.000 22245--    --read-var-info=yes
--00:00:00:00.000 22245--    --verbose
--00:00:00:00.000 22245--    --log-file=valgrind_20251209_181912.log
--00:00:00:00.000 22245--    --xtree-memory=full
--00:00:00:00.000 22245--    --xtree-memory-file=xtmemory_20251209_181912.kcg
--00:00:00:00.000 22245--    --time-stamp=yes
--00:00:00:00.000 22245-- Contents of /proc/version:
--00:00:00:00.000 22245--   Linux version 6.14.0-36-generic (buildd@lcy02-amd64-067) (x86_64-linux-gnu-gcc-13 (Ubuntu 13.3.0-6ubuntu2~24.04) 13.3.0, GNU ld (GNU Binutils for Ubuntu) 2.42) #36~24.04.1-Ubuntu SMP PREEMPT_DYNAMIC Wed Oct 15 15:45:17 UTC 2
--00:00:00:00.000 22245-- 
--00:00:00:00.000 22245-- Arch and hwcaps: AMD64, LittleEndian, amd64-cx16-lzcnt-rdtscp-sse3-ssse3-avx-avx2-bmi-f16c-rdrand-rdseed
--00:00:00:00.000 22245-- Page sizes: currently 4096, max supported 4096
--00:00:00:00.000 22245-- Valgrind library directory: /usr/libexec/valgrind
--00:00:00:00.120 22245-- Reading syms from /home/yama/documents/leti/AiSD/lab3/cmake-build-debug/lab3
--00:00:00:00.121 22245-- Reading syms from /usr/lib/x86_64-linux-gnu/ld-linux-x86-64.so.2
--00:00:00:00.123 22245--   Considering /usr/lib/debug/.build-id/52/0e05878220fb2fc6d28ff46b63b3fd5d48e763.debug ..
--00:00:00:00.123 22245--   .. build-id is valid
--00:00:00:00.419 22245-- warning: addVar: unknown size (maps)
--00:00:00:00.420 22245-- warning: addVar: unknown size (maps)
--00:00:00:00.420 22245-- warning: addVar: unknown size (maps)
--00:00:00:00.420 22245-- warning: addVar: unknown size (maps)
--00:00:00:00.420 22245-- warning: addVar: unknown size (buf)
--00:00:00:00.420 22245-- warning: addVar: unknown size (buf)
--00:00:00:00.420 22245-- warning: addVar: unknown size (buf)
--00:00:00:00.420 22245-- warning: addVar: unknown size (buf)
--00:00:00:00.420 22245-- warning: addVar: unknown size (loadcmds)
--00:00:00:00.420 22245-- warning: addVar: unknown size (loadcmds)
--00:00:00:00.430 22245-- Reading syms from /usr/libexec/valgrind/memcheck-amd64-linux
--00:00:00:00.430 22245--    object doesn't have a dynamic symbol table
--00:00:00:00.442 22245-- Scheduler: using generic scheduler lock implementation.
--00:00:00:00.447 22245-- Reading suppressions file: /usr/libexec/valgrind/default.supp
==00:00:00:00.450 22245== embedded gdbserver: reading from /tmp/vgdb-pipe-from-vgdb-to-22245-by-yama-on-???
==00:00:00:00.450 22245== embedded gdbserver: writing to   /tmp/vgdb-pipe-to-vgdb-from-22245-by-yama-on-???
==00:00:00:00.450 22245== embedded gdbserver: shared mem   /tmp/vgdb-pipe-shared-mem-vgdb-22245-by-yama-on-???
==00:00:00:00.450 22245== 
==00:00:00:00.450 22245== TO CONTROL THIS PROCESS USING vgdb (which you probably
==00:00:00:00.450 22245== don't want to do, unless you know exactly what you're doing,
==00:00:00:00.450 22245== or are doing some strange experiment):
==00:00:00:00.450 22245==   /usr/bin/vgdb --pid=22245 ...command...
==00:00:00:00.450 22245== 
==00:00:00:00.450 22245== TO DEBUG THIS PROCESS USING GDB: start GDB like this
==00:00:00:00.450 22245==   /path/to/gdb ./lab3
==00:00:00:00.450 22245== and then give GDB the following command
==00:00:00:00.450 22245==   target remote | /usr/bin/vgdb --pid=22245
==00:00:00:00.450 22245== --pid is optional if only one valgrind process is running
==00:00:00:00.450 22245== 
--00:00:00:00.509 22245-- REDIR: 0x4028b00 (ld-linux-x86-64.so.2:strlen) redirected to 0x580c2e1a (???)
--00:00:00:00.535 22245-- REDIR: 0x40272b0 (ld-linux-x86-64.so.2:index) redirected to 0x580c2e34 (???)
--00:00:00:00.587 22245-- Reading syms from /usr/libexec/valgrind/vgpreload_core-amd64-linux.so
--00:00:00:00.600 22245-- Reading syms from /usr/libexec/valgrind/vgpreload_memcheck-amd64-linux.so
==00:00:00:00.603 22245== WARNING: new redirection conflicts with existing -- ignoring it
--00:00:00:00.603 22245--     old: 0x04028b00 (strlen              ) R-> (0000.0) 0x580c2e1a ???
--00:00:00:00.603 22245--     new: 0x04028b00 (strlen              ) R-> (2007.0) 0x0484f340 strlen
--00:00:00:00.613 22245-- REDIR: 0x40274e0 (ld-linux-x86-64.so.2:strcmp) redirected to 0x4850460 (strcmp)
--00:00:00:00.617 22245-- REDIR: 0x4026910 (ld-linux-x86-64.so.2:mempcpy) redirected to 0x4853cd0 (mempcpy)
--00:00:00:00.639 22245-- Reading syms from /usr/lib/x86_64-linux-gnu/libc.so.6
--00:00:00:00.652 22245--   Considering /usr/lib/debug/.build-id/27/4eec488d230825a136fa9c4d85370fed7a0a5e.debug ..
--00:00:00:00.652 22245--   .. build-id is valid
--00:00:00:03.395 22245-- REDIR: 0x4028ca0 (ld-linux-x86-64.so.2:strncmp) redirected to 0x484fc90 (strncmp)
--00:00:00:03.432 22245-- REDIR: 0x4927050 (libc.so.6:strnlen) redirected to 0x483d1c0 (_vgnU_ifunc_wrapper)
--00:00:00:03.433 22245-- REDIR: 0x49270e0 (libc.so.6:strpbrk) redirected to 0x483d1c0 (_vgnU_ifunc_wrapper)
--00:00:00:03.434 22245-- REDIR: 0x49251a0 (libc.so.6:strcmp) redirected to 0x483d1c0 (_vgnU_ifunc_wrapper)
--00:00:00:03.435 22245-- REDIR: 0x493e3b0 (libc.so.6:wcsnlen) redirected to 0x483d1c0 (_vgnU_ifunc_wrapper)
--00:00:00:03.436 22245-- REDIR: 0x4924290 (libc.so.6:memset) redirected to 0x483d1c0 (_vgnU_ifunc_wrapper)
--00:00:00:03.437 22245-- REDIR: 0x493db20 (libc.so.6:wcslen) redirected to 0x483d1c0 (_vgnU_ifunc_wrapper)
--00:00:00:03.439 22245-- REDIR: 0x49a93f0 (libc.so.6:__memcpy_chk) redirected to 0x483d1c0 (_vgnU_ifunc_wrapper)
--00:00:00:03.440 22245-- REDIR: 0x4924200 (libc.so.6:memrchr) redirected to 0x483d1c0 (_vgnU_ifunc_wrapper)
--00:00:00:03.441 22245-- REDIR: 0x493e350 (libc.so.6:wcsncpy) redirected to 0x483d1c0 (_vgnU_ifunc_wrapper)
--00:00:00:03.442 22245-- REDIR: 0x4923720 (libc.so.6:memcpy@@GLIBC_2.14) redirected to 0x483d1c0 (_vgnU_ifunc_wrapper)
--00:00:00:03.443 22245-- REDIR: 0x493c8e0 (libc.so.6:wcschr) redirected to 0x483d1c0 (_vgnU_ifunc_wrapper)
--00:00:00:03.444 22245-- REDIR: 0x4925090 (libc.so.6:index) redirected to 0x483d1c0 (_vgnU_ifunc_wrapper)
--00:00:00:03.445 22245-- REDIR: 0x4927110 (libc.so.6:rindex) redirected to 0x483d1c0 (_vgnU_ifunc_wrapper)
--00:00:00:03.447 22245-- REDIR: 0x493c990 (libc.so.6:wcscmp) redirected to 0x483d1c0 (_vgnU_ifunc_wrapper)
--00:00:00:03.448 22245-- REDIR: 0x49244b0 (libc.so.6:stpncpy) redirected to 0x483d1c0 (_vgnU_ifunc_wrapper)
--00:00:00:03.449 22245-- REDIR: 0x494aeb0 (libc.so.6:wmemchr) redirected to 0x483d1c0 (_vgnU_ifunc_wrapper)
--00:00:00:03.450 22245-- REDIR: 0x4926ef0 (libc.so.6:strncmp) redirected to 0x483d1c0 (_vgnU_ifunc_wrapper)
--00:00:00:03.450 22245-- REDIR: 0x4924510 (libc.so.6:strcasecmp) redirected to 0x483d1c0 (_vgnU_ifunc_wrapper)
--00:00:00:03.451 22245-- REDIR: 0x4926310 (libc.so.6:strcspn) redirected to 0x483d1c0 (_vgnU_ifunc_wrapper)
--00:00:00:03.452 22245-- REDIR: 0x493d8f0 (libc.so.6:wcscpy) redirected to 0x483d1c0 (_vgnU_ifunc_wrapper)
--00:00:00:03.453 22245-- REDIR: 0x4925020 (libc.so.6:strcat) redirected to 0x483d1c0 (_vgnU_ifunc_wrapper)
--00:00:00:03.454 22245-- REDIR: 0x4926df0 (libc.so.6:strncasecmp_l) redirected to 0x483d1c0 (_vgnU_ifunc_wrapper)
--00:00:00:03.455 22245-- REDIR: 0x4925110 (libc.so.6:strchrnul) redirected to 0x483d1c0 (_vgnU_ifunc_wrapper)
--00:00:00:03.456 22245-- REDIR: 0x4923630 (libc.so.6:bcmp) redirected to 0x483d1c0 (_vgnU_ifunc_wrapper)
--00:00:00:03.457 22245-- REDIR: 0x49262a0 (libc.so.6:strcpy) redirected to 0x483d1c0 (_vgnU_ifunc_wrapper)
--00:00:00:03.458 22245-- REDIR: 0x49245b0 (libc.so.6:strcasecmp_l) redirected to 0x483d1c0 (_vgnU_ifunc_wrapper)
--00:00:00:03.460 22245-- REDIR: 0x4926cc0 (libc.so.6:strlen) redirected to 0x483d1c0 (_vgnU_ifunc_wrapper)
--00:00:00:03.461 22245-- REDIR: 0x4926f90 (libc.so.6:strncpy) redirected to 0x483d1c0 (_vgnU_ifunc_wrapper)
--00:00:00:03.462 22245-- REDIR: 0x494af30 (libc.so.6:wmemcmp) redirected to 0x483d1c0 (_vgnU_ifunc_wrapper)
--00:00:00:03.463 22245-- REDIR: 0x49a9510 (libc.so.6:__memmove_chk) redirected to 0x483d1c0 (_vgnU_ifunc_wrapper)
==00:00:00:03.464 22245== WARNING: new redirection conflicts with existing -- ignoring it
--00:00:00:03.464 22245--     old: 0x049faa10 (__memcpy_chk_avx_una) R-> (2030.0) 0x04853dd0 __memcpy_chk
--00:00:00:03.464 22245--     new: 0x049faa10 (__memcpy_chk_avx_una) R-> (2024.0) 0x04853740 __memmove_chk
--00:00:00:03.464 22245-- REDIR: 0x4924440 (libc.so.6:stpcpy) redirected to 0x483d1c0 (_vgnU_ifunc_wrapper)
--00:00:00:03.465 22245-- REDIR: 0x4923fc0 (libc.so.6:memmove) redirected to 0x483d1c0 (_vgnU_ifunc_wrapper)
==00:00:00:03.466 22245== Preferring higher priority redirection:
--00:00:00:03.466 22245--     old: 0x049faa40 (__memcpy_avx_unalign) R-> (2018.0) 0x04851580 __memcpy_avx_unaligned_erms
--00:00:00:03.466 22245--     new: 0x049faa40 (__memcpy_avx_unalign) R-> (2018.1) 0x04852d60 memmove
--00:00:00:03.466 22245-- REDIR: 0x49235b0 (libc.so.6:memchr) redirected to 0x483d1c0 (_vgnU_ifunc_wrapper)
--00:00:00:03.467 22245-- REDIR: 0x49272e0 (libc.so.6:strspn) redirected to 0x483d1c0 (_vgnU_ifunc_wrapper)
--00:00:00:03.468 22245-- REDIR: 0x49240e0 (libc.so.6:mempcpy) redirected to 0x483d1c0 (_vgnU_ifunc_wrapper)
--00:00:00:03.469 22245-- REDIR: 0x4926d50 (libc.so.6:strncasecmp) redirected to 0x483d1c0 (_vgnU_ifunc_wrapper)
--00:00:00:03.515 22245-- REDIR: 0x49ff630 (libc.so.6:__strrchr_avx2) redirected to 0x484ed20 (rindex)
--00:00:00:03.523 22245-- REDIR: 0x49fd780 (libc.so.6:__strlen_avx2) redirected to 0x484f220 (strlen)
--00:00:00:03.527 22245-- REDIR: 0x491f650 (libc.so.6:malloc) redirected to 0x48467b0 (malloc)
--00:00:00:03.540 22245-- REDIR: 0x49207a0 (libc.so.6:calloc) redirected to 0x484d8a0 (calloc)
--00:00:00:03.543 22245-- REDIR: 0x49faa00 (libc.so.6:__mempcpy_avx_unaligned_erms) redirected to 0x48538d0 (mempcpy)
--00:00:00:03.551 22245-- REDIR: 0x491fd30 (libc.so.6:free) redirected to 0x4849820 (free)
--00:00:00:03.564 22245-- REDIR: 0x49fcde0 (libc.so.6:__strchrnul_avx2) redirected to 0x48537b0 (strchrnul)
--00:00:00:03.565 22245-- REDIR: 0x49faa40 (libc.so.6:__memcpy_avx_unaligned_erms) redirected to 0x4852d60 (memmove)
--00:00:00:12.127 22245-- REDIR: 0x49fa040 (libc.so.6:__memchr_avx2) redirected to 0x48504e0 (memchr)
--00:00:00:12.130 22245-- REDIR: 0x4a19fb0 (libc.so.6:__strcspn_sse42) redirected to 0x4854010 (strcspn)
==00:00:00:20.211 22245== 
==00:00:00:20.212 22245== xtree memory report: /home/yama/documents/leti/AiSD/lab3/cmake-build-debug/xtmemory_20251209_181912.kcg
==00:00:00:20.212 22245== HEAP SUMMARY:
==00:00:00:20.212 22245==     in use at exit: 0 bytes in 0 blocks
==00:00:00:20.212 22245==   total heap usage: 40 allocs, 40 frees, 2,828 bytes allocated
==00:00:00:20.212 22245== 
==00:00:00:20.212 22245== All heap blocks were freed -- no leaks are possible
==00:00:00:20.212 22245== 
==00:00:00:20.212 22245== ERROR SUMMARY: 0 errors from 0 contexts (suppressed: 0 from 0)
